[11:07:48.840] Starting LPXImage Startup Timing Diagnostic
[11:07:48.840] ==================================================
[11:07:48.840] === System Resource Check ===
[11:07:48.842] Memory: Mach Virtual Memory Statistics: (page size of 16384 bytes)
[11:07:48.842] Memory: Pages free:                             5739905.
[11:07:48.842] Memory: Pages active:                           1166109.
[11:07:48.842] Memory: Pages inactive:                          960626.
[11:07:48.842] Memory: Pages speculative:                       242372.
[11:07:48.845] Load: 11:07  up 3 days, 23:19, 2 users, load averages: 1.45 1.58 1.88
[11:07:48.845] === Video File Access Test ===
[11:07:48.845] Video file size: 8.3 MB
[11:07:48.845] Disk read test (1MB): 0.1ms
[11:07:48.845] === Server Startup Timing Test (3 iterations) ===
[11:07:48.845] --- Iteration 1/3 ---
[11:07:48.845] Testing port 5050 availability...
[11:07:48.846] Port 5050 is available
[11:07:48.886] Server create time: 0.5ms
[11:07:48.886] Server start time: 39.7ms
[11:07:59.779] Initial client count: 0
[11:07:59.805] Server stop time: 26.1ms
[11:08:00.810] --- Iteration 2/3 ---
[11:08:00.810] Testing port 5051 availability...
[11:08:00.811] Port 5051 is available
[11:08:00.923] Server create time: 65.1ms
[11:08:00.923] Server start time: 47.4ms
[11:08:14.160] Initial client count: 0
[11:08:14.183] Server stop time: 22.6ms
[11:08:15.185] --- Iteration 3/3 ---
[11:08:15.185] Testing port 5052 availability...
[11:08:15.186] Port 5052 is available
[11:08:15.236] Server create time: 2.7ms
[11:08:15.236] Server start time: 46.8ms
[11:08:20.026] Initial client count: 0
[11:08:20.052] Server stop time: 25.9ms
[11:08:20.052] Startup time statistics:
[11:08:20.052]   Average: 44.6ms
[11:08:20.052]   Min: 39.7ms
[11:08:20.052]   Max: 47.4ms
[11:08:20.052]   Variance: 7.6ms
[11:08:20.052] === Client Connection Timing Test (3 iterations) ===
[11:08:20.641] --- Client Test 1/3 ---
[11:08:20.768] Client create time: 126.9ms
[11:08:20.768] Connection time: 0.2ms
[11:08:20.781] First data time: 12.2ms
[11:08:21.283] --- Client Test 2/3 ---
[11:08:21.315] Client create time: 30.9ms
[11:08:21.315] Connection time: 0.4ms
[11:08:21.337] First data time: 22.0ms
[11:08:21.840] --- Client Test 3/3 ---
[11:08:21.875] Client create time: 33.9ms
[11:08:21.875] Connection time: 0.4ms
[11:08:21.886] First data time: 11.2ms
[11:08:21.922] Connection time stats: avg=0.3ms, min=0.2ms, max=0.4ms
[11:08:21.922] First data time stats: avg=15.1ms, min=11.2ms, max=22.0ms
[11:08:21.922] === Threading Issue Test ===
[11:08:21.994] Server on port 5060: Started
[11:08:21.994] Server on port 5061: Started
[11:08:22.019] Server on port 5062: Started
[11:08:24.028] Server on port 5060: Stopped
[11:08:24.053] Server on port 5061: Stopped
[11:08:24.054] Server on port 5062: Stopped
[11:08:24.054] Threading test completed
[11:08:24.054] ==================================================
[11:08:24.054] Diagnostic completed
