objc[99048]: Class CaptureDelegate is implemented in both /Users/ray/Anaconda/anaconda3/lib/python3.11/site-packages/cv2/cv2.abi3.so (0x16ef02518) and /opt/homebrew/Cellar/opencv/4.11.0_1/lib/libopencv_videoio.4.11.0.dylib (0x147ea0848). This may cause spurious casting failures and mysterious crashes. One of the duplicates must be removed or renamed.
objc[99048]: Class CVWindow is implemented in both /Users/ray/Anaconda/anaconda3/lib/python3.11/site-packages/cv2/cv2.abi3.so (0x16ef02568) and /opt/homebrew/Cellar/opencv/4.11.0_1/lib/libopencv_highgui.4.11.0.dylib (0x147ac0b28). This may cause spurious casting failures and mysterious crashes. One of the duplicates must be removed or renamed.
objc[99048]: Class CVView is implemented in both /Users/ray/Anaconda/anaconda3/lib/python3.11/site-packages/cv2/cv2.abi3.so (0x16ef02590) and /opt/homebrew/Cellar/opencv/4.11.0_1/lib/libopencv_highgui.4.11.0.dylib (0x147ac0b50). This may cause spurious casting failures and mysterious crashes. One of the duplicates must be removed or renamed.
objc[99048]: Class CVSlider is implemented in both /Users/ray/Anaconda/anaconda3/lib/python3.11/site-packages/cv2/cv2.abi3.so (0x16ef025b8) and /opt/homebrew/Cellar/opencv/4.11.0_1/lib/libopencv_highgui.4.11.0.dylib (0x147ac0b78). This may cause spurious casting failures and mysterious crashes. One of the duplicates must be removed or renamed.
Connected to LPX server at 127.0.0.1:5050
[DEBUG] LPXDebugClient::receiverThread started
[DEBUG] LPXDebugClient: Attempting to receive LPXImage...
Main thread processing UI events...
Main thread processing UI events...
Main thread processing UI events...
Main thread processing UI events...
Main thread processing UI events...
Main thread processing UI events...
Main thread processing UI events...
Main thread processing UI events...
Main thread processing UI events...
Main thread processing UI events...
Main thread processing UI events...
Main thread processing UI events...
Main thread processing UI events...
Main thread processing UI events...
Main thread processing UI events...
Main thread processing UI events...
Main thread processing UI events...
Main thread processing UI events...
Main thread processing UI events...
Main thread processing UI events...
Main thread processing UI events...
Main thread processing UI events...
Main thread processing UI events...
Main thread processing UI events...
Main thread processing UI events...
