objc[58941]: Class CaptureDelegate is implemented in both /Users/ray/Library/Python/3.12/lib/python/site-packages/cv2/cv2.abi3.so (0x11383e518) and /opt/homebrew/Cellar/opencv/4.11.0_1/lib/libopencv_videoio.4.11.0.dylib (0x1153dc848). This may cause spurious casting failures and mysterious crashes. One of the duplicates must be removed or renamed.
objc[58941]: Class CVWindow is implemented in both /Users/ray/Library/Python/3.12/lib/python/site-packages/cv2/cv2.abi3.so (0x11383e568) and /opt/homebrew/Cellar/opencv/4.11.0_1/lib/libopencv_highgui.4.11.0.dylib (0x1117b8b28). This may cause spurious casting failures and mysterious crashes. One of the duplicates must be removed or renamed.
objc[58941]: Class CVView is implemented in both /Users/ray/Library/Python/3.12/lib/python/site-packages/cv2/cv2.abi3.so (0x11383e590) and /opt/homebrew/Cellar/opencv/4.11.0_1/lib/libopencv_highgui.4.11.0.dylib (0x1117b8b50). This may cause spurious casting failures and mysterious crashes. One of the duplicates must be removed or renamed.
objc[58941]: Class CVSlider is implemented in both /Users/ray/Library/Python/3.12/lib/python/site-packages/cv2/cv2.abi3.so (0x11383e5b8) and /opt/homebrew/Cellar/opencv/4.11.0_1/lib/libopencv_highgui.4.11.0.dylib (0x1117b8b78). This may cause spurious casting failures and mysterious crashes. One of the duplicates must be removed or renamed.
Connected to LPX server at 127.0.0.1:5050
Main thread processing UI events...
Main thread processing UI events...
Main thread processing UI events...
Main thread processing UI events...
Main thread processing UI events...
Main thread processing UI events...
Main thread processing UI events...
Main thread processing UI events...
Main thread processing UI events...
Main thread processing UI events...
Main thread processing UI events...
Main thread processing UI events...
Main thread processing UI events...
Main thread processing UI events...
Main thread processing UI events...
Main thread processing UI events...
Received LPXImage with 7057 cells
 1 2 3 4 5 6 7 8 9 10
Using 15 threads for image rendering
Multithreaded rendering completed in 4 ms using 15 threads
Successfully rendered image: 800x600
Image ready for display
Received LPXImage with 7057 cells
 0 1 2 3 4 5 6 7 8 9
Using 15 threads for image rendering
Multithreaded rendering completed in 5 ms using 15 threads
Successfully rendered image: 800x600
Image ready for display
Main thread displayed new image
Received LPXImage with 7057 cells
