objc[58783]: Class CaptureDelegate is implemented in both /Users/ray/Library/Python/3.12/lib/python/site-packages/cv2/cv2.abi3.so (0x105c0e518) and /opt/homebrew/Cellar/opencv/4.11.0_1/lib/libopencv_videoio.4.11.0.dylib (0x1087ec848). This may cause spurious casting failures and mysterious crashes. One of the duplicates must be removed or renamed.
objc[58783]: Class CVWindow is implemented in both /Users/ray/Library/Python/3.12/lib/python/site-packages/cv2/cv2.abi3.so (0x105c0e568) and /opt/homebrew/Cellar/opencv/4.11.0_1/lib/libopencv_highgui.4.11.0.dylib (0x108094b28). This may cause spurious casting failures and mysterious crashes. One of the duplicates must be removed or renamed.
objc[58783]: Class CVView is implemented in both /Users/ray/Library/Python/3.12/lib/python/site-packages/cv2/cv2.abi3.so (0x105c0e590) and /opt/homebrew/Cellar/opencv/4.11.0_1/lib/libopencv_highgui.4.11.0.dylib (0x108094b50). This may cause spurious casting failures and mysterious crashes. One of the duplicates must be removed or renamed.
objc[58783]: Class CVSlider is implemented in both /Users/ray/Library/Python/3.12/lib/python/site-packages/cv2/cv2.abi3.so (0x105c0e5b8) and /opt/homebrew/Cellar/opencv/4.11.0_1/lib/libopencv_highgui.4.11.0.dylib (0x108094b78). This may cause spurious casting failures and mysterious crashes. One of the duplicates must be removed or renamed.
Opened video file: ../2342260-hd_1920_1080_30fps.mp4
Video properties: 1920x1080, 29.97 FPS, 366 frames
Output size: 1920x1080
Target FPS: 30
Looping: Yes
Center offset: (0, 0)
Frame delay: 33.3333ms
FileLPXServer started on port 5050
New client connected from 127.0.0.1:52813
[DEBUG] Client handler started for socket 5
[ERROR] Failed to receive command type
[ERROR] Failed to receive command type
[ERROR] Failed to receive command type
[ERROR] Failed to receive command type
[ERROR] Failed to receive command type
[ERROR] Failed to receive command type
[DEBUG] FileLPXProtocol: Sending LPX image
[ERROR] Failed to receive command type
[ERROR] Failed to receive command type
[DEBUG] FileLPXProtocol: Sending LPX image
[ERROR] Failed to receive command type
[ERROR] Failed to receive command type
[ERROR] Failed to receive command type
[DEBUG] FileLPXProtocol: Sending LPX image
[ERROR] Failed to receive command type
[ERROR] Failed to receive command type
[DEBUG] FileLPXProtocol: Sending LPX image
[ERROR] Failed to receive command type
[ERROR] Failed to receive command type
[ERROR] Failed to receive command type
[DEBUG] FileLPXProtocol: Sending LPX image
[ERROR] Failed to receive command type
[ERROR] Failed to receive command type
[ERROR] Failed to receive command type
[DEBUG] FileLPXProtocol: Sending LPX image
[ERROR] Failed to receive command type
[ERROR] Failed to receive command type
[ERROR] Failed to receive command type
[DEBUG] FileLPXProtocol: Sending LPX image
[ERROR] Failed to receive command type
[ERROR] Failed to receive command type
[ERROR] Failed to receive command type
[DEBUG] FileLPXProtocol: Sending LPX image
[ERROR] Failed to receive command type
[ERROR] Failed to receive command type
[ERROR] Failed to receive command type
[DEBUG] FileLPXProtocol: Sending LPX image
[ERROR] Failed to receive command type
[ERROR] Failed to receive command type
[ERROR] Failed to receive command type
[DEBUG] FileLPXProtocol: Sending LPX image
[ERROR] Failed to receive command type
[DEBUG] Client 5 disconnected or error occurred
[DEBUG] Client handler stopped for socket 5
New client connected from 127.0.0.1:52853
